{"/Users/dennislee/Devs/KBIngest/extension/kb-extension/src/extension.ts": {"path":"/Users/dennislee/Devs/KBIngest/extension/kb-extension/src/extension.ts","statementMap":{"0":{"start":{"line":21,"column":0},"end":{"line":21,"column":7}},"1":{"start":{"line":120,"column":0},"end":{"line":120,"column":7}},"2":{"start":{"line":142,"column":0},"end":{"line":142,"column":16}},"3":{"start":{"line":146,"column":0},"end":{"line":146,"column":16}},"4":{"start":{"line":9,"column":0},"end":{"line":9,"column":33}},"5":{"start":{"line":10,"column":0},"end":{"line":10,"column":55}},"6":{"start":{"line":11,"column":0},"end":{"line":11,"column":58}},"7":{"start":{"line":14,"column":42},"end":{"line":14,"column":46}},"8":{"start":{"line":15,"column":44},"end":{"line":15,"column":48}},"9":{"start":{"line":22,"column":2},"end":{"line":22,"column":46}},"10":{"start":{"line":24,"column":2},"end":{"line":113,"column":3}},"11":{"start":{"line":26,"column":4},"end":{"line":26,"column":40}},"12":{"start":{"line":27,"column":4},"end":{"line":27,"column":44}},"13":{"start":{"line":30,"column":20},"end":{"line":30,"column":50}},"14":{"start":{"line":31,"column":4},"end":{"line":36,"column":5}},"15":{"start":{"line":32,"column":6},"end":{"line":34,"column":8}},"16":{"start":{"line":35,"column":6},"end":{"line":35,"column":13}},"17":{"start":{"line":39,"column":19},"end":{"line":39,"column":58}},"18":{"start":{"line":40,"column":4},"end":{"line":40,"column":64}},"19":{"start":{"line":43,"column":4},"end":{"line":43,"column":88}},"20":{"start":{"line":44,"column":4},"end":{"line":44,"column":38}},"21":{"start":{"line":47,"column":22},"end":{"line":47,"column":54}},"22":{"start":{"line":48,"column":4},"end":{"line":53,"column":5}},"23":{"start":{"line":49,"column":6},"end":{"line":51,"column":8}},"24":{"start":{"line":52,"column":6},"end":{"line":52,"column":13}},"25":{"start":{"line":56,"column":30},"end":{"line":60,"column":null}},"26":{"start":{"line":59,"column":8},"end":{"line":59,"column":79}},"27":{"start":{"line":62,"column":4},"end":{"line":62,"column":50}},"28":{"start":{"line":65,"column":31},"end":{"line":73,"column":null}},"29":{"start":{"line":68,"column":28},"end":{"line":68,"column":61}},"30":{"start":{"line":69,"column":24},"end":{"line":69,"column":64}},"31":{"start":{"line":70,"column":23},"end":{"line":70,"column":89}},"32":{"start":{"line":71,"column":8},"end":{"line":71,"column":59}},"33":{"start":{"line":72,"column":8},"end":{"line":72,"column":78}},"34":{"start":{"line":75,"column":4},"end":{"line":75,"column":51}},"35":{"start":{"line":78,"column":31},"end":{"line":95,"column":null}},"36":{"start":{"line":81,"column":23},"end":{"line":85,"column":10}},"37":{"start":{"line":87,"column":8},"end":{"line":94,"column":9}},"38":{"start":{"line":88,"column":10},"end":{"line":93,"column":11}},"39":{"start":{"line":89,"column":12},"end":{"line":89,"column":83}},"40":{"start":{"line":90,"column":12},"end":{"line":90,"column":76}},"41":{"start":{"line":92,"column":12},"end":{"line":92,"column":88}},"42":{"start":{"line":97,"column":4},"end":{"line":97,"column":51}},"43":{"start":{"line":100,"column":4},"end":{"line":106,"column":5}},"44":{"start":{"line":101,"column":23},"end":{"line":104,"column":8}},"45":{"start":{"line":102,"column":8},"end":{"line":102,"column":72}},"46":{"start":{"line":103,"column":8},"end":{"line":103,"column":83}},"47":{"start":{"line":105,"column":6},"end":{"line":105,"column":43}},"48":{"start":{"line":108,"column":4},"end":{"line":108,"column":81}},"49":{"start":{"line":109,"column":4},"end":{"line":109,"column":54}},"50":{"start":{"line":111,"column":4},"end":{"line":111,"column":61}},"51":{"start":{"line":112,"column":4},"end":{"line":112,"column":87}},"52":{"start":{"line":121,"column":2},"end":{"line":121,"column":48}},"53":{"start":{"line":123,"column":2},"end":{"line":138,"column":3}},"54":{"start":{"line":125,"column":4},"end":{"line":128,"column":5}},"55":{"start":{"line":126,"column":6},"end":{"line":126,"column":35}},"56":{"start":{"line":127,"column":6},"end":{"line":127,"column":28}},"57":{"start":{"line":130,"column":4},"end":{"line":133,"column":5}},"58":{"start":{"line":131,"column":6},"end":{"line":131,"column":30}},"59":{"start":{"line":132,"column":6},"end":{"line":132,"column":27}},"60":{"start":{"line":135,"column":4},"end":{"line":135,"column":56}},"61":{"start":{"line":137,"column":4},"end":{"line":137,"column":63}},"62":{"start":{"line":143,"column":2},"end":{"line":143,"column":23}},"63":{"start":{"line":147,"column":2},"end":{"line":147,"column":24}},"64":{"start":{"line":151,"column":0},"end":{"line":151,"column":29}}},"fnMap":{"0":{"name":"activate","decl":{"start":{"line":21,"column":22},"end":{"line":21,"column":30}},"loc":{"start":{"line":21,"column":63},"end":{"line":114,"column":1}}},"1":{"name":"(anonymous_1)","decl":{"start":{"line":58,"column":6},"end":{"line":58,"column":9}},"loc":{"start":{"line":58,"column":11},"end":{"line":60,"column":7}}},"2":{"name":"(anonymous_2)","decl":{"start":{"line":67,"column":6},"end":{"line":67,"column":11}},"loc":{"start":{"line":67,"column":17},"end":{"line":73,"column":7}}},"3":{"name":"(anonymous_3)","decl":{"start":{"line":80,"column":6},"end":{"line":80,"column":11}},"loc":{"start":{"line":80,"column":17},"end":{"line":95,"column":7}}},"4":{"name":"(anonymous_4)","decl":{"start":{"line":101,"column":52},"end":{"line":101,"column":53}},"loc":{"start":{"line":101,"column":66},"end":{"line":104,"column":7}}},"5":{"name":"deactivate","decl":{"start":{"line":120,"column":22},"end":{"line":120,"column":32}},"loc":{"start":{"line":120,"column":32},"end":{"line":139,"column":1}}},"6":{"name":"getConfigManager","decl":{"start":{"line":142,"column":16},"end":{"line":142,"column":32}},"loc":{"start":{"line":142,"column":32},"end":{"line":144,"column":1}}},"7":{"name":"getStorageManager","decl":{"start":{"line":146,"column":16},"end":{"line":146,"column":33}},"loc":{"start":{"line":146,"column":33},"end":{"line":148,"column":1}}}},"branchMap":{"0":{"loc":{"start":{"line":31,"column":4},"end":{"line":36,"column":5}},"type":"if","locations":[{"start":{"line":31,"column":4},"end":{"line":36,"column":5}},{"start":{},"end":{}}]},"1":{"loc":{"start":{"line":48,"column":4},"end":{"line":53,"column":5}},"type":"if","locations":[{"start":{"line":48,"column":4},"end":{"line":53,"column":5}},{"start":{},"end":{}}]},"2":{"loc":{"start":{"line":87,"column":8},"end":{"line":94,"column":9}},"type":"if","locations":[{"start":{"line":87,"column":8},"end":{"line":94,"column":9}},{"start":{},"end":{}}]},"3":{"loc":{"start":{"line":100,"column":4},"end":{"line":106,"column":5}},"type":"if","locations":[{"start":{"line":100,"column":4},"end":{"line":106,"column":5}},{"start":{},"end":{}}]},"4":{"loc":{"start":{"line":125,"column":4},"end":{"line":128,"column":5}},"type":"if","locations":[{"start":{"line":125,"column":4},"end":{"line":128,"column":5}},{"start":{},"end":{}}]},"5":{"loc":{"start":{"line":130,"column":4},"end":{"line":133,"column":5}},"type":"if","locations":[{"start":{"line":130,"column":4},"end":{"line":133,"column":5}},{"start":{},"end":{}}]}},"s":{"0":0,"1":0,"2":0,"3":0,"4":0,"5":0,"6":0,"7":0,"8":0,"9":0,"10":0,"11":0,"12":0,"13":0,"14":0,"15":0,"16":0,"17":0,"18":0,"19":0,"20":0,"21":0,"22":0,"23":0,"24":0,"25":0,"26":0,"27":0,"28":0,"29":0,"30":0,"31":0,"32":0,"33":0,"34":0,"35":0,"36":0,"37":0,"38":0,"39":0,"40":0,"41":0,"42":0,"43":0,"44":0,"45":0,"46":0,"47":0,"48":0,"49":0,"50":0,"51":0,"52":0,"53":0,"54":0,"55":0,"56":0,"57":0,"58":0,"59":0,"60":0,"61":0,"62":0,"63":0,"64":0},"f":{"0":0,"1":0,"2":0,"3":0,"4":0,"5":0,"6":0,"7":0},"b":{"0":[0,0],"1":[0,0],"2":[0,0],"3":[0,0],"4":[0,0],"5":[0,0]}}
,"/Users/dennislee/Devs/KBIngest/extension/kb-extension/src/config/ConfigManager.ts": {"path":"/Users/dennislee/Devs/KBIngest/extension/kb-extension/src/config/ConfigManager.ts","statementMap":{"0":{"start":{"line":11,"column":0},"end":{"line":11,"column":33}},"1":{"start":{"line":14,"column":0},"end":{"line":14,"column":46}},"2":{"start":{"line":17,"column":45},"end":{"line":17,"column":49}},"3":{"start":{"line":18,"column":26},"end":{"line":18,"column":31}},"4":{"start":{"line":19,"column":78},"end":{"line":19,"column":80}},"5":{"start":{"line":20,"column":55},"end":{"line":20,"column":59}},"6":{"start":{"line":23,"column":4},"end":{"line":23,"column":27}},"7":{"start":{"line":24,"column":4},"end":{"line":24,"column":30}},"8":{"start":{"line":27,"column":4},"end":{"line":31,"column":7}},"9":{"start":{"line":28,"column":6},"end":{"line":30,"column":7}},"10":{"start":{"line":29,"column":8},"end":{"line":29,"column":34}},"11":{"start":{"line":33,"column":4},"end":{"line":33,"column":31}},"12":{"start":{"line":34,"column":4},"end":{"line":34,"column":47}},"13":{"start":{"line":41,"column":4},"end":{"line":41,"column":29}},"14":{"start":{"line":42,"column":4},"end":{"line":49,"column":5}},"15":{"start":{"line":43,"column":21},"end":{"line":43,"column":69}},"16":{"start":{"line":44,"column":20},"end":{"line":44,"column":38}},"17":{"start":{"line":45,"column":6},"end":{"line":45,"column":56}},"18":{"start":{"line":47,"column":6},"end":{"line":47,"column":83}},"19":{"start":{"line":48,"column":6},"end":{"line":48,"column":26}},"20":{"start":{"line":56,"column":4},"end":{"line":56,"column":29}},"21":{"start":{"line":57,"column":4},"end":{"line":63,"column":5}},"22":{"start":{"line":58,"column":21},"end":{"line":58,"column":69}},"23":{"start":{"line":59,"column":6},"end":{"line":59,"column":73}},"24":{"start":{"line":60,"column":6},"end":{"line":60,"column":32}},"25":{"start":{"line":62,"column":6},"end":{"line":62,"column":92}},"26":{"start":{"line":70,"column":4},"end":{"line":70,"column":29}},"27":{"start":{"line":71,"column":4},"end":{"line":78,"column":5}},"28":{"start":{"line":72,"column":21},"end":{"line":72,"column":69}},"29":{"start":{"line":73,"column":20},"end":{"line":73,"column":38}},"30":{"start":{"line":74,"column":6},"end":{"line":74,"column":56}},"31":{"start":{"line":76,"column":6},"end":{"line":76,"column":86}},"32":{"start":{"line":77,"column":6},"end":{"line":77,"column":26}},"33":{"start":{"line":85,"column":4},"end":{"line":85,"column":29}},"34":{"start":{"line":86,"column":4},"end":{"line":92,"column":5}},"35":{"start":{"line":87,"column":21},"end":{"line":87,"column":69}},"36":{"start":{"line":88,"column":6},"end":{"line":88,"column":76}},"37":{"start":{"line":89,"column":6},"end":{"line":89,"column":32}},"38":{"start":{"line":91,"column":6},"end":{"line":91,"column":95}},"39":{"start":{"line":99,"column":4},"end":{"line":99,"column":29}},"40":{"start":{"line":100,"column":4},"end":{"line":102,"column":5}},"41":{"start":{"line":101,"column":6},"end":{"line":101,"column":79}},"42":{"start":{"line":103,"column":4},"end":{"line":108,"column":5}},"43":{"start":{"line":104,"column":6},"end":{"line":104,"column":51}},"44":{"start":{"line":105,"column":6},"end":{"line":105,"column":59}},"45":{"start":{"line":107,"column":6},"end":{"line":107,"column":86}},"46":{"start":{"line":115,"column":4},"end":{"line":115,"column":29}},"47":{"start":{"line":116,"column":4},"end":{"line":118,"column":5}},"48":{"start":{"line":117,"column":6},"end":{"line":117,"column":79}},"49":{"start":{"line":119,"column":4},"end":{"line":125,"column":5}},"50":{"start":{"line":120,"column":20},"end":{"line":120,"column":55}},"51":{"start":{"line":121,"column":6},"end":{"line":121,"column":19}},"52":{"start":{"line":123,"column":6},"end":{"line":123,"column":78}},"53":{"start":{"line":124,"column":6},"end":{"line":124,"column":23}},"54":{"start":{"line":132,"column":4},"end":{"line":132,"column":29}},"55":{"start":{"line":133,"column":4},"end":{"line":135,"column":5}},"56":{"start":{"line":134,"column":6},"end":{"line":134,"column":79}},"57":{"start":{"line":136,"column":4},"end":{"line":141,"column":5}},"58":{"start":{"line":137,"column":6},"end":{"line":137,"column":45}},"59":{"start":{"line":138,"column":6},"end":{"line":138,"column":60}},"60":{"start":{"line":140,"column":6},"end":{"line":140,"column":87}},"61":{"start":{"line":148,"column":4},"end":{"line":148,"column":44}},"62":{"start":{"line":155,"column":4},"end":{"line":192,"column":5}},"63":{"start":{"line":156,"column":21},"end":{"line":156,"column":51}},"64":{"start":{"line":159,"column":6},"end":{"line":162,"column":7}},"65":{"start":{"line":160,"column":8},"end":{"line":160,"column":98}},"66":{"start":{"line":161,"column":8},"end":{"line":161,"column":21}},"67":{"start":{"line":165,"column":6},"end":{"line":168,"column":7}},"68":{"start":{"line":166,"column":8},"end":{"line":166,"column":89}},"69":{"start":{"line":167,"column":8},"end":{"line":167,"column":21}},"70":{"start":{"line":171,"column":6},"end":{"line":174,"column":7}},"71":{"start":{"line":172,"column":8},"end":{"line":172,"column":105}},"72":{"start":{"line":173,"column":8},"end":{"line":173,"column":21}},"73":{"start":{"line":177,"column":6},"end":{"line":180,"column":7}},"74":{"start":{"line":178,"column":8},"end":{"line":178,"column":75}},"75":{"start":{"line":179,"column":8},"end":{"line":179,"column":21}},"76":{"start":{"line":183,"column":6},"end":{"line":186,"column":7}},"77":{"start":{"line":184,"column":8},"end":{"line":184,"column":99}},"78":{"start":{"line":185,"column":8},"end":{"line":185,"column":21}},"79":{"start":{"line":188,"column":6},"end":{"line":188,"column":18}},"80":{"start":{"line":190,"column":6},"end":{"line":190,"column":64}},"81":{"start":{"line":191,"column":6},"end":{"line":191,"column":19}},"82":{"start":{"line":199,"column":4},"end":{"line":233,"column":5}},"83":{"start":{"line":200,"column":21},"end":{"line":200,"column":69}},"84":{"start":{"line":203,"column":48},"end":{"line":222,"column":8}},"85":{"start":{"line":225,"column":6},"end":{"line":230,"column":7}},"86":{"start":{"line":226,"column":24},"end":{"line":226,"column":39}},"87":{"start":{"line":227,"column":8},"end":{"line":229,"column":9}},"88":{"start":{"line":228,"column":10},"end":{"line":228,"column":84}},"89":{"start":{"line":232,"column":6},"end":{"line":232,"column":72}},"90":{"start":{"line":240,"column":19},"end":{"line":240,"column":67}},"91":{"start":{"line":242,"column":4},"end":{"line":272,"column":6}},"92":{"start":{"line":279,"column":4},"end":{"line":282,"column":6}},"93":{"start":{"line":289,"column":4},"end":{"line":289,"column":46}},"94":{"start":{"line":291,"column":4},"end":{"line":298,"column":6}},"95":{"start":{"line":293,"column":22},"end":{"line":293,"column":66}},"96":{"start":{"line":294,"column":8},"end":{"line":296,"column":9}},"97":{"start":{"line":295,"column":10},"end":{"line":295,"column":54}},"98":{"start":{"line":305,"column":4},"end":{"line":308,"column":5}},"99":{"start":{"line":306,"column":6},"end":{"line":306,"column":38}},"100":{"start":{"line":307,"column":6},"end":{"line":307,"column":35}},"101":{"start":{"line":309,"column":4},"end":{"line":309,"column":36}},"102":{"start":{"line":316,"column":19},"end":{"line":316,"column":49}},"103":{"start":{"line":317,"column":4},"end":{"line":323,"column":5}},"104":{"start":{"line":318,"column":6},"end":{"line":322,"column":7}},"105":{"start":{"line":319,"column":8},"end":{"line":319,"column":25}},"106":{"start":{"line":321,"column":8},"end":{"line":321,"column":81}},"107":{"start":{"line":327,"column":4},"end":{"line":329,"column":5}},"108":{"start":{"line":328,"column":6},"end":{"line":328,"column":68}},"109":{"start":{"line":16,"column":0},"end":{"line":16,"column":13}}},"fnMap":{"0":{"name":"(anonymous_0)","decl":{"start":{"line":22,"column":2},"end":{"line":22,"column":7}},"loc":{"start":{"line":22,"column":44},"end":{"line":35,"column":3}}},"1":{"name":"(anonymous_1)","decl":{"start":{"line":27,"column":70},"end":{"line":27,"column":71}},"loc":{"start":{"line":27,"column":80},"end":{"line":31,"column":5}}},"2":{"name":"(anonymous_2)","decl":{"start":{"line":40,"column":2},"end":{"line":40,"column":7}},"loc":{"start":{"line":40,"column":57},"end":{"line":50,"column":3}}},"3":{"name":"(anonymous_3)","decl":{"start":{"line":55,"column":2},"end":{"line":55,"column":7}},"loc":{"start":{"line":55,"column":49},"end":{"line":64,"column":3}}},"4":{"name":"(anonymous_4)","decl":{"start":{"line":69,"column":2},"end":{"line":69,"column":7}},"loc":{"start":{"line":69,"column":60},"end":{"line":79,"column":3}}},"5":{"name":"(anonymous_5)","decl":{"start":{"line":84,"column":2},"end":{"line":84,"column":7}},"loc":{"start":{"line":84,"column":52},"end":{"line":93,"column":3}}},"6":{"name":"(anonymous_6)","decl":{"start":{"line":98,"column":2},"end":{"line":98,"column":7}},"loc":{"start":{"line":98,"column":44},"end":{"line":109,"column":3}}},"7":{"name":"(anonymous_7)","decl":{"start":{"line":114,"column":2},"end":{"line":114,"column":7}},"loc":{"start":{"line":114,"column":29},"end":{"line":126,"column":3}}},"8":{"name":"(anonymous_8)","decl":{"start":{"line":131,"column":2},"end":{"line":131,"column":7}},"loc":{"start":{"line":131,"column":32},"end":{"line":142,"column":3}}},"9":{"name":"(anonymous_9)","decl":{"start":{"line":147,"column":2},"end":{"line":147,"column":11}},"loc":{"start":{"line":147,"column":46},"end":{"line":149,"column":3}}},"10":{"name":"(anonymous_10)","decl":{"start":{"line":154,"column":2},"end":{"line":154,"column":7}},"loc":{"start":{"line":154,"column":16},"end":{"line":193,"column":3}}},"11":{"name":"(anonymous_11)","decl":{"start":{"line":198,"column":2},"end":{"line":198,"column":7}},"loc":{"start":{"line":198,"column":21},"end":{"line":234,"column":3}}},"12":{"name":"(anonymous_12)","decl":{"start":{"line":239,"column":2},"end":{"line":239,"column":7}},"loc":{"start":{"line":239,"column":25},"end":{"line":273,"column":3}}},"13":{"name":"(anonymous_13)","decl":{"start":{"line":278,"column":2},"end":{"line":278,"column":7}},"loc":{"start":{"line":278,"column":18},"end":{"line":283,"column":3}}},"14":{"name":"(anonymous_14)","decl":{"start":{"line":288,"column":2},"end":{"line":288,"column":16}},"loc":{"start":{"line":288,"column":62},"end":{"line":299,"column":3}}},"15":{"name":"(anonymous_15)","decl":{"start":{"line":292,"column":15},"end":{"line":292,"column":18}},"loc":{"start":{"line":292,"column":20},"end":{"line":297,"column":7}}},"16":{"name":"(anonymous_16)","decl":{"start":{"line":304,"column":2},"end":{"line":304,"column":9}},"loc":{"start":{"line":304,"column":9},"end":{"line":310,"column":3}}},"17":{"name":"(anonymous_17)","decl":{"start":{"line":315,"column":10},"end":{"line":315,"column":15}},"loc":{"start":{"line":315,"column":34},"end":{"line":324,"column":3}}},"18":{"name":"(anonymous_18)","decl":{"start":{"line":326,"column":10},"end":{"line":326,"column":27}},"loc":{"start":{"line":326,"column":27},"end":{"line":330,"column":3}}}},"branchMap":{"0":{"loc":{"start":{"line":28,"column":6},"end":{"line":30,"column":7}},"type":"if","locations":[{"start":{"line":28,"column":6},"end":{"line":30,"column":7}},{"start":{},"end":{}}]},"1":{"loc":{"start":{"line":45,"column":13},"end":{"line":45,"column":55}},"type":"cond-expr","locations":[{"start":{"line":45,"column":35},"end":{"line":45,"column":40}},{"start":{"line":45,"column":43},"end":{"line":45,"column":55}}]},"2":{"loc":{"start":{"line":74,"column":13},"end":{"line":74,"column":55}},"type":"cond-expr","locations":[{"start":{"line":74,"column":35},"end":{"line":74,"column":40}},{"start":{"line":74,"column":43},"end":{"line":74,"column":55}}]},"3":{"loc":{"start":{"line":100,"column":4},"end":{"line":102,"column":5}},"type":"if","locations":[{"start":{"line":100,"column":4},"end":{"line":102,"column":5}},{"start":{},"end":{}}]},"4":{"loc":{"start":{"line":116,"column":4},"end":{"line":118,"column":5}},"type":"if","locations":[{"start":{"line":116,"column":4},"end":{"line":118,"column":5}},{"start":{},"end":{}}]},"5":{"loc":{"start":{"line":133,"column":4},"end":{"line":135,"column":5}},"type":"if","locations":[{"start":{"line":133,"column":4},"end":{"line":135,"column":5}},{"start":{},"end":{}}]},"6":{"loc":{"start":{"line":148,"column":11},"end":{"line":148,"column":43}},"type":"binary-expr","locations":[{"start":{"line":148,"column":11},"end":{"line":148,"column":27}},{"start":{"line":148,"column":31},"end":{"line":148,"column":43}}]},"7":{"loc":{"start":{"line":159,"column":6},"end":{"line":162,"column":7}},"type":"if","locations":[{"start":{"line":159,"column":6},"end":{"line":162,"column":7}},{"start":{},"end":{}}]},"8":{"loc":{"start":{"line":159,"column":10},"end":{"line":159,"column":78}},"type":"binary-expr","locations":[{"start":{"line":159,"column":10},"end":{"line":159,"column":41}},{"start":{"line":159,"column":45},"end":{"line":159,"column":78}}]},"9":{"loc":{"start":{"line":165,"column":6},"end":{"line":168,"column":7}},"type":"if","locations":[{"start":{"line":165,"column":6},"end":{"line":168,"column":7}},{"start":{},"end":{}}]},"10":{"loc":{"start":{"line":165,"column":10},"end":{"line":165,"column":76}},"type":"binary-expr","locations":[{"start":{"line":165,"column":10},"end":{"line":165,"column":40}},{"start":{"line":165,"column":44},"end":{"line":165,"column":76}}]},"11":{"loc":{"start":{"line":171,"column":6},"end":{"line":174,"column":7}},"type":"if","locations":[{"start":{"line":171,"column":6},"end":{"line":174,"column":7}},{"start":{},"end":{}}]},"12":{"loc":{"start":{"line":171,"column":10},"end":{"line":171,"column":86}},"type":"binary-expr","locations":[{"start":{"line":171,"column":10},"end":{"line":171,"column":46}},{"start":{"line":171,"column":50},"end":{"line":171,"column":86}}]},"13":{"loc":{"start":{"line":177,"column":6},"end":{"line":180,"column":7}},"type":"if","locations":[{"start":{"line":177,"column":6},"end":{"line":180,"column":7}},{"start":{},"end":{}}]},"14":{"loc":{"start":{"line":177,"column":10},"end":{"line":177,"column":60}},"type":"binary-expr","locations":[{"start":{"line":177,"column":10},"end":{"line":177,"column":32}},{"start":{"line":177,"column":36},"end":{"line":177,"column":60}}]},"15":{"loc":{"start":{"line":183,"column":6},"end":{"line":186,"column":7}},"type":"if","locations":[{"start":{"line":183,"column":6},"end":{"line":186,"column":7}},{"start":{},"end":{}}]},"16":{"loc":{"start":{"line":183,"column":10},"end":{"line":183,"column":84}},"type":"binary-expr","locations":[{"start":{"line":183,"column":10},"end":{"line":183,"column":44}},{"start":{"line":183,"column":48},"end":{"line":183,"column":84}}]},"17":{"loc":{"start":{"line":227,"column":8},"end":{"line":229,"column":9}},"type":"if","locations":[{"start":{"line":227,"column":8},"end":{"line":229,"column":9}},{"start":{},"end":{}}]},"18":{"loc":{"start":{"line":244,"column":22},"end":{"line":244,"column":92}},"type":"binary-expr","locations":[{"start":{"line":244,"column":22},"end":{"line":244,"column":64}},{"start":{"line":244,"column":68},"end":{"line":244,"column":92}}]},"19":{"loc":{"start":{"line":245,"column":20},"end":{"line":245,"column":69}},"type":"binary-expr","locations":[{"start":{"line":245,"column":20},"end":{"line":245,"column":61}},{"start":{"line":245,"column":65},"end":{"line":245,"column":69}}]},"20":{"loc":{"start":{"line":246,"column":25},"end":{"line":246,"column":75}},"type":"binary-expr","locations":[{"start":{"line":246,"column":25},"end":{"line":246,"column":70}},{"start":{"line":246,"column":74},"end":{"line":246,"column":75}}]},"21":{"loc":{"start":{"line":249,"column":19},"end":{"line":249,"column":121}},"type":"binary-expr","locations":[{"start":{"line":249,"column":19},"end":{"line":249,"column":103}},{"start":{"line":249,"column":107},"end":{"line":249,"column":121}}]},"22":{"loc":{"start":{"line":250,"column":15},"end":{"line":250,"column":74}},"type":"binary-expr","locations":[{"start":{"line":250,"column":15},"end":{"line":250,"column":52}},{"start":{"line":250,"column":56},"end":{"line":250,"column":74}}]},"23":{"loc":{"start":{"line":251,"column":19},"end":{"line":251,"column":67}},"type":"binary-expr","locations":[{"start":{"line":251,"column":19},"end":{"line":251,"column":60}},{"start":{"line":251,"column":64},"end":{"line":251,"column":67}}]},"24":{"loc":{"start":{"line":252,"column":19},"end":{"line":252,"column":66}},"type":"binary-expr","locations":[{"start":{"line":252,"column":19},"end":{"line":252,"column":60}},{"start":{"line":252,"column":64},"end":{"line":252,"column":66}}]},"25":{"loc":{"start":{"line":253,"column":25},"end":{"line":253,"column":81}},"type":"binary-expr","locations":[{"start":{"line":253,"column":25},"end":{"line":253,"column":73}},{"start":{"line":253,"column":77},"end":{"line":253,"column":81}}]},"26":{"loc":{"start":{"line":256,"column":27},"end":{"line":256,"column":107}},"type":"binary-expr","locations":[{"start":{"line":256,"column":27},"end":{"line":256,"column":95}},{"start":{"line":256,"column":99},"end":{"line":256,"column":107}}]},"27":{"loc":{"start":{"line":257,"column":25},"end":{"line":257,"column":78}},"type":"binary-expr","locations":[{"start":{"line":257,"column":25},"end":{"line":257,"column":70}},{"start":{"line":257,"column":74},"end":{"line":257,"column":78}}]},"28":{"loc":{"start":{"line":258,"column":28},"end":{"line":258,"column":82}},"type":"binary-expr","locations":[{"start":{"line":258,"column":28},"end":{"line":258,"column":75}},{"start":{"line":258,"column":79},"end":{"line":258,"column":82}}]},"29":{"loc":{"start":{"line":259,"column":14},"end":{"line":259,"column":53}},"type":"binary-expr","locations":[{"start":{"line":259,"column":14},"end":{"line":259,"column":47}},{"start":{"line":259,"column":51},"end":{"line":259,"column":53}}]},"30":{"loc":{"start":{"line":262,"column":16},"end":{"line":262,"column":86}},"type":"binary-expr","locations":[{"start":{"line":262,"column":16},"end":{"line":262,"column":76}},{"start":{"line":262,"column":80},"end":{"line":262,"column":86}}]},"31":{"loc":{"start":{"line":263,"column":26},"end":{"line":263,"column":97}},"type":"binary-expr","locations":[{"start":{"line":263,"column":26},"end":{"line":263,"column":87}},{"start":{"line":263,"column":91},"end":{"line":263,"column":97}}]},"32":{"loc":{"start":{"line":264,"column":21},"end":{"line":264,"column":66}},"type":"binary-expr","locations":[{"start":{"line":264,"column":21},"end":{"line":264,"column":58}},{"start":{"line":264,"column":62},"end":{"line":264,"column":66}}]},"33":{"loc":{"start":{"line":267,"column":19},"end":{"line":267,"column":108}},"type":"binary-expr","locations":[{"start":{"line":267,"column":19},"end":{"line":267,"column":98}},{"start":{"line":267,"column":102},"end":{"line":267,"column":108}}]},"34":{"loc":{"start":{"line":268,"column":27},"end":{"line":268,"column":85}},"type":"binary-expr","locations":[{"start":{"line":268,"column":27},"end":{"line":268,"column":76}},{"start":{"line":268,"column":80},"end":{"line":268,"column":85}}]},"35":{"loc":{"start":{"line":269,"column":28},"end":{"line":269,"column":82}},"type":"binary-expr","locations":[{"start":{"line":269,"column":28},"end":{"line":269,"column":77}},{"start":{"line":269,"column":81},"end":{"line":269,"column":82}}]},"36":{"loc":{"start":{"line":294,"column":8},"end":{"line":296,"column":9}},"type":"if","locations":[{"start":{"line":294,"column":8},"end":{"line":296,"column":9}},{"start":{},"end":{}}]},"37":{"loc":{"start":{"line":305,"column":4},"end":{"line":308,"column":5}},"type":"if","locations":[{"start":{"line":305,"column":4},"end":{"line":308,"column":5}},{"start":{},"end":{}}]},"38":{"loc":{"start":{"line":327,"column":4},"end":{"line":329,"column":5}},"type":"if","locations":[{"start":{"line":327,"column":4},"end":{"line":329,"column":5}},{"start":{},"end":{}}]}},"s":{"0":1,"1":1,"2":46,"3":46,"4":46,"5":46,"6":45,"7":45,"8":45,"9":0,"10":0,"11":45,"12":45,"13":7,"14":6,"15":6,"16":6,"17":5,"18":1,"19":1,"20":2,"21":2,"22":2,"23":2,"24":1,"25":1,"26":2,"27":2,"28":2,"29":2,"30":2,"31":0,"32":0,"33":2,"34":2,"35":2,"36":2,"37":1,"38":1,"39":3,"40":3,"41":0,"42":3,"43":3,"44":1,"45":2,"46":3,"47":3,"48":0,"49":3,"50":3,"51":2,"52":1,"53":1,"54":1,"55":1,"56":0,"57":1,"58":1,"59":1,"60":0,"61":3,"62":8,"63":8,"64":7,"65":6,"66":6,"67":1,"68":0,"69":0,"70":1,"71":0,"72":0,"73":1,"74":0,"75":0,"76":1,"77":0,"78":0,"79":1,"80":1,"81":1,"82":45,"83":45,"84":45,"85":45,"86":810,"87":810,"88":18,"89":0,"90":17,"91":17,"92":2,"93":2,"94":2,"95":1,"96":1,"97":1,"98":1,"99":1,"100":1,"101":1,"102":2,"103":2,"104":0,"105":0,"106":0,"107":20,"108":1,"109":1},"f":{"0":45,"1":0,"2":7,"3":2,"4":2,"5":2,"6":3,"7":3,"8":1,"9":3,"10":8,"11":45,"12":17,"13":2,"14":2,"15":1,"16":1,"17":2,"18":20},"b":{"0":[0,0],"1":[4,1],"2":[1,1],"3":[0,3],"4":[0,3],"5":[0,1],"6":[3,1],"7":[6,1],"8":[7,2],"9":[0,1],"10":[1,1],"11":[0,1],"12":[1,1],"13":[0,1],"14":[1,1],"15":[0,1],"16":[1,1],"17":[18,792],"18":[17,1],"19":[16,1],"20":[16,1],"21":[16,1],"22":[16,1],"23":[16,1],"24":[16,1],"25":[16,1],"26":[16,1],"27":[16,1],"28":[16,1],"29":[16,1],"30":[16,1],"31":[16,1],"32":[16,1],"33":[16,1],"34":[16,1],"35":[16,1],"36":[1,0],"37":[1,0],"38":[1,19]}}
,"/Users/dennislee/Devs/KBIngest/extension/kb-extension/src/storage/StorageManager.ts": {"path":"/Users/dennislee/Devs/KBIngest/extension/kb-extension/src/storage/StorageManager.ts","statementMap":{"0":{"start":{"line":1,"column":0},"end":{"line":1,"column":36}},"1":{"start":{"line":14,"column":0},"end":{"line":14,"column":41}},"2":{"start":{"line":18,"column":45},"end":{"line":18,"column":54}},"3":{"start":{"line":19,"column":39},"end":{"line":19,"column":48}},"4":{"start":{"line":20,"column":35},"end":{"line":20,"column":44}},"5":{"start":{"line":21,"column":49},"end":{"line":21,"column":58}},"6":{"start":{"line":22,"column":26},"end":{"line":22,"column":31}},"7":{"start":{"line":25,"column":4},"end":{"line":25,"column":25}},"8":{"start":{"line":29,"column":4},"end":{"line":29,"column":30}},"9":{"start":{"line":30,"column":4},"end":{"line":30,"column":66}},"10":{"start":{"line":34,"column":4},"end":{"line":34,"column":30}},"11":{"start":{"line":38,"column":4},"end":{"line":38,"column":13}},"12":{"start":{"line":46,"column":4},"end":{"line":46,"column":27}},"13":{"start":{"line":47,"column":4},"end":{"line":47,"column":24}},"14":{"start":{"line":48,"column":4},"end":{"line":48,"column":22}},"15":{"start":{"line":49,"column":4},"end":{"line":49,"column":29}},"16":{"start":{"line":50,"column":4},"end":{"line":50,"column":31}},"17":{"start":{"line":51,"column":4},"end":{"line":51,"column":54}},"18":{"start":{"line":57,"column":4},"end":{"line":57,"column":29}},"19":{"start":{"line":58,"column":4},"end":{"line":84,"column":5}},"20":{"start":{"line":60,"column":6},"end":{"line":67,"column":7}},"21":{"start":{"line":61,"column":8},"end":{"line":66,"column":9}},"22":{"start":{"line":62,"column":10},"end":{"line":65,"column":12}},"23":{"start":{"line":69,"column":17},"end":{"line":69,"column":29}},"24":{"start":{"line":70,"column":18},"end":{"line":70,"column":28}},"25":{"start":{"line":71,"column":33},"end":{"line":76,"column":8}},"26":{"start":{"line":77,"column":6},"end":{"line":77,"column":39}},"27":{"start":{"line":78,"column":6},"end":{"line":78,"column":47}},"28":{"start":{"line":80,"column":6},"end":{"line":83,"column":8}},"29":{"start":{"line":88,"column":4},"end":{"line":88,"column":29}},"30":{"start":{"line":89,"column":4},"end":{"line":97,"column":5}},"31":{"start":{"line":90,"column":18},"end":{"line":90,"column":48}},"32":{"start":{"line":91,"column":6},"end":{"line":91,"column":42}},"33":{"start":{"line":93,"column":6},"end":{"line":96,"column":8}},"34":{"start":{"line":101,"column":4},"end":{"line":101,"column":29}},"35":{"start":{"line":102,"column":4},"end":{"line":116,"column":5}},"36":{"start":{"line":103,"column":20},"end":{"line":103,"column":55}},"37":{"start":{"line":104,"column":6},"end":{"line":106,"column":7}},"38":{"start":{"line":105,"column":8},"end":{"line":105,"column":72}},"39":{"start":{"line":105,"column":40},"end":{"line":105,"column":70}},"40":{"start":{"line":107,"column":6},"end":{"line":109,"column":7}},"41":{"start":{"line":108,"column":8},"end":{"line":108,"column":49}},"42":{"start":{"line":110,"column":6},"end":{"line":110,"column":46}},"43":{"start":{"line":112,"column":6},"end":{"line":115,"column":8}},"44":{"start":{"line":123,"column":4},"end":{"line":123,"column":29}},"45":{"start":{"line":124,"column":4},"end":{"line":140,"column":5}},"46":{"start":{"line":125,"column":18},"end":{"line":125,"column":40}},"47":{"start":{"line":126,"column":6},"end":{"line":131,"column":7}},"48":{"start":{"line":127,"column":8},"end":{"line":130,"column":10}},"49":{"start":{"line":132,"column":22},"end":{"line":132,"column":70}},"50":{"start":{"line":133,"column":6},"end":{"line":133,"column":38}},"51":{"start":{"line":134,"column":6},"end":{"line":134,"column":46}},"52":{"start":{"line":136,"column":6},"end":{"line":139,"column":8}},"53":{"start":{"line":144,"column":4},"end":{"line":144,"column":29}},"54":{"start":{"line":145,"column":4},"end":{"line":164,"column":5}},"55":{"start":{"line":147,"column":39},"end":{"line":147,"column":41}},"56":{"start":{"line":148,"column":6},"end":{"line":152,"column":7}},"57":{"start":{"line":149,"column":8},"end":{"line":151,"column":9}},"58":{"start":{"line":150,"column":10},"end":{"line":150,"column":40}},"59":{"start":{"line":153,"column":6},"end":{"line":155,"column":7}},"60":{"start":{"line":154,"column":8},"end":{"line":154,"column":36}},"61":{"start":{"line":157,"column":22},"end":{"line":157,"column":55}},"62":{"start":{"line":158,"column":6},"end":{"line":158,"column":64}},"63":{"start":{"line":160,"column":6},"end":{"line":163,"column":8}},"64":{"start":{"line":170,"column":4},"end":{"line":170,"column":29}},"65":{"start":{"line":171,"column":4},"end":{"line":199,"column":5}},"66":{"start":{"line":173,"column":6},"end":{"line":183,"column":7}},"67":{"start":{"line":174,"column":8},"end":{"line":182,"column":9}},"68":{"start":{"line":178,"column":10},"end":{"line":181,"column":12}},"69":{"start":{"line":185,"column":17},"end":{"line":185,"column":29}},"70":{"start":{"line":186,"column":18},"end":{"line":186,"column":28}},"71":{"start":{"line":187,"column":30},"end":{"line":191,"column":8}},"72":{"start":{"line":192,"column":6},"end":{"line":192,"column":36}},"73":{"start":{"line":193,"column":6},"end":{"line":193,"column":47}},"74":{"start":{"line":195,"column":6},"end":{"line":198,"column":8}},"75":{"start":{"line":203,"column":4},"end":{"line":203,"column":29}},"76":{"start":{"line":204,"column":4},"end":{"line":212,"column":5}},"77":{"start":{"line":205,"column":20},"end":{"line":205,"column":47}},"78":{"start":{"line":206,"column":6},"end":{"line":206,"column":44}},"79":{"start":{"line":208,"column":6},"end":{"line":211,"column":8}},"80":{"start":{"line":216,"column":4},"end":{"line":216,"column":29}},"81":{"start":{"line":217,"column":4},"end":{"line":227,"column":5}},"82":{"start":{"line":218,"column":22},"end":{"line":220,"column":48}},"83":{"start":{"line":219,"column":23},"end":{"line":219,"column":51}},"84":{"start":{"line":220,"column":24},"end":{"line":220,"column":47}},"85":{"start":{"line":221,"column":6},"end":{"line":221,"column":46}},"86":{"start":{"line":223,"column":6},"end":{"line":226,"column":8}},"87":{"start":{"line":231,"column":4},"end":{"line":231,"column":29}},"88":{"start":{"line":232,"column":4},"end":{"line":240,"column":5}},"89":{"start":{"line":233,"column":22},"end":{"line":233,"column":52}},"90":{"start":{"line":234,"column":6},"end":{"line":234,"column":64}},"91":{"start":{"line":236,"column":6},"end":{"line":239,"column":8}},"92":{"start":{"line":246,"column":4},"end":{"line":246,"column":29}},"93":{"start":{"line":247,"column":4},"end":{"line":250,"column":6}},"94":{"start":{"line":254,"column":4},"end":{"line":254,"column":29}},"95":{"start":{"line":255,"column":4},"end":{"line":255,"column":41}},"96":{"start":{"line":262,"column":4},"end":{"line":262,"column":29}},"97":{"start":{"line":263,"column":4},"end":{"line":266,"column":6}},"98":{"start":{"line":270,"column":4},"end":{"line":270,"column":29}},"99":{"start":{"line":271,"column":4},"end":{"line":297,"column":5}},"100":{"start":{"line":273,"column":6},"end":{"line":280,"column":7}},"101":{"start":{"line":274,"column":8},"end":{"line":279,"column":9}},"102":{"start":{"line":275,"column":10},"end":{"line":278,"column":12}},"103":{"start":{"line":282,"column":17},"end":{"line":282,"column":29}},"104":{"start":{"line":283,"column":26},"end":{"line":289,"column":8}},"105":{"start":{"line":290,"column":6},"end":{"line":290,"column":32}},"106":{"start":{"line":291,"column":6},"end":{"line":291,"column":45}},"107":{"start":{"line":293,"column":6},"end":{"line":296,"column":8}},"108":{"start":{"line":301,"column":4},"end":{"line":301,"column":29}},"109":{"start":{"line":302,"column":4},"end":{"line":310,"column":5}},"110":{"start":{"line":303,"column":18},"end":{"line":303,"column":43}},"111":{"start":{"line":304,"column":6},"end":{"line":304,"column":42}},"112":{"start":{"line":306,"column":6},"end":{"line":309,"column":8}},"113":{"start":{"line":314,"column":4},"end":{"line":314,"column":29}},"114":{"start":{"line":315,"column":4},"end":{"line":322,"column":5}},"115":{"start":{"line":316,"column":6},"end":{"line":316,"column":69}},"116":{"start":{"line":318,"column":6},"end":{"line":321,"column":8}},"117":{"start":{"line":329,"column":4},"end":{"line":329,"column":29}},"118":{"start":{"line":330,"column":4},"end":{"line":346,"column":5}},"119":{"start":{"line":331,"column":18},"end":{"line":331,"column":35}},"120":{"start":{"line":332,"column":6},"end":{"line":337,"column":7}},"121":{"start":{"line":333,"column":8},"end":{"line":336,"column":10}},"122":{"start":{"line":338,"column":22},"end":{"line":338,"column":44}},"123":{"start":{"line":339,"column":6},"end":{"line":339,"column":33}},"124":{"start":{"line":340,"column":6},"end":{"line":340,"column":46}},"125":{"start":{"line":342,"column":6},"end":{"line":345,"column":8}},"126":{"start":{"line":350,"column":4},"end":{"line":350,"column":29}},"127":{"start":{"line":351,"column":4},"end":{"line":359,"column":5}},"128":{"start":{"line":352,"column":22},"end":{"line":352,"column":50}},"129":{"start":{"line":353,"column":6},"end":{"line":353,"column":64}},"130":{"start":{"line":355,"column":6},"end":{"line":358,"column":8}},"131":{"start":{"line":365,"column":4},"end":{"line":365,"column":29}},"132":{"start":{"line":366,"column":4},"end":{"line":392,"column":5}},"133":{"start":{"line":368,"column":6},"end":{"line":375,"column":7}},"134":{"start":{"line":369,"column":8},"end":{"line":374,"column":9}},"135":{"start":{"line":370,"column":10},"end":{"line":373,"column":12}},"136":{"start":{"line":377,"column":17},"end":{"line":377,"column":29}},"137":{"start":{"line":378,"column":18},"end":{"line":378,"column":28}},"138":{"start":{"line":379,"column":40},"end":{"line":384,"column":8}},"139":{"start":{"line":385,"column":6},"end":{"line":385,"column":46}},"140":{"start":{"line":386,"column":6},"end":{"line":386,"column":52}},"141":{"start":{"line":388,"column":6},"end":{"line":391,"column":8}},"142":{"start":{"line":396,"column":4},"end":{"line":396,"column":29}},"143":{"start":{"line":397,"column":4},"end":{"line":404,"column":5}},"144":{"start":{"line":398,"column":6},"end":{"line":398,"column":76}},"145":{"start":{"line":400,"column":6},"end":{"line":403,"column":8}},"146":{"start":{"line":408,"column":4},"end":{"line":408,"column":29}},"147":{"start":{"line":409,"column":4},"end":{"line":417,"column":5}},"148":{"start":{"line":410,"column":22},"end":{"line":410,"column":57}},"149":{"start":{"line":411,"column":6},"end":{"line":411,"column":64}},"150":{"start":{"line":413,"column":6},"end":{"line":416,"column":8}},"151":{"start":{"line":424,"column":4},"end":{"line":424,"column":29}},"152":{"start":{"line":425,"column":4},"end":{"line":428,"column":6}},"153":{"start":{"line":435,"column":4},"end":{"line":435,"column":29}},"154":{"start":{"line":436,"column":4},"end":{"line":439,"column":6}},"155":{"start":{"line":443,"column":4},"end":{"line":443,"column":29}},"156":{"start":{"line":444,"column":4},"end":{"line":444,"column":39}},"157":{"start":{"line":450,"column":4},"end":{"line":450,"column":29}},"158":{"start":{"line":451,"column":4},"end":{"line":454,"column":6}},"159":{"start":{"line":458,"column":4},"end":{"line":458,"column":29}},"160":{"start":{"line":459,"column":4},"end":{"line":459,"column":41}},"161":{"start":{"line":466,"column":4},"end":{"line":466,"column":29}},"162":{"start":{"line":467,"column":4},"end":{"line":470,"column":6}},"163":{"start":{"line":474,"column":4},"end":{"line":474,"column":29}},"164":{"start":{"line":475,"column":4},"end":{"line":475,"column":39}},"165":{"start":{"line":479,"column":4},"end":{"line":479,"column":29}},"166":{"start":{"line":484,"column":4},"end":{"line":484,"column":29}},"167":{"start":{"line":489,"column":4},"end":{"line":489,"column":29}},"168":{"start":{"line":503,"column":28},"end":{"line":503,"column":29}},"169":{"start":{"line":506,"column":4},"end":{"line":509,"column":5}},"170":{"start":{"line":507,"column":6},"end":{"line":507,"column":90}},"171":{"start":{"line":508,"column":6},"end":{"line":508,"column":47}},"172":{"start":{"line":512,"column":4},"end":{"line":514,"column":5}},"173":{"start":{"line":513,"column":6},"end":{"line":513,"column":59}},"174":{"start":{"line":517,"column":4},"end":{"line":519,"column":5}},"175":{"start":{"line":518,"column":6},"end":{"line":518,"column":89}},"176":{"start":{"line":522,"column":4},"end":{"line":524,"column":5}},"177":{"start":{"line":523,"column":6},"end":{"line":523,"column":91}},"178":{"start":{"line":526,"column":4},"end":{"line":534,"column":6}},"179":{"start":{"line":538,"column":4},"end":{"line":540,"column":5}},"180":{"start":{"line":539,"column":6},"end":{"line":539,"column":64}},"181":{"start":{"line":16,"column":0},"end":{"line":16,"column":13}}},"fnMap":{"0":{"name":"(anonymous_0)","decl":{"start":{"line":24,"column":2},"end":{"line":24,"column":14}},"loc":{"start":{"line":24,"column":50},"end":{"line":26,"column":3}}},"1":{"name":"(anonymous_1)","decl":{"start":{"line":28,"column":2},"end":{"line":28,"column":7}},"loc":{"start":{"line":28,"column":18},"end":{"line":31,"column":3}}},"2":{"name":"(anonymous_2)","decl":{"start":{"line":33,"column":2},"end":{"line":33,"column":7}},"loc":{"start":{"line":33,"column":17},"end":{"line":35,"column":3}}},"3":{"name":"(anonymous_3)","decl":{"start":{"line":37,"column":2},"end":{"line":37,"column":7}},"loc":{"start":{"line":37,"column":31},"end":{"line":39,"column":3}}},"4":{"name":"(anonymous_4)","decl":{"start":{"line":41,"column":2},"end":{"line":41,"column":7}},"loc":{"start":{"line":41,"column":44},"end":{"line":43,"column":3}}},"5":{"name":"(anonymous_5)","decl":{"start":{"line":45,"column":2},"end":{"line":45,"column":7}},"loc":{"start":{"line":45,"column":13},"end":{"line":52,"column":3}}},"6":{"name":"(anonymous_6)","decl":{"start":{"line":54,"column":2},"end":{"line":54,"column":7}},"loc":{"start":{"line":55,"column":63},"end":{"line":85,"column":3}}},"7":{"name":"(anonymous_7)","decl":{"start":{"line":87,"column":2},"end":{"line":87,"column":7}},"loc":{"start":{"line":87,"column":30},"end":{"line":98,"column":3}}},"8":{"name":"(anonymous_8)","decl":{"start":{"line":100,"column":2},"end":{"line":100,"column":7}},"loc":{"start":{"line":100,"column":43},"end":{"line":117,"column":3}}},"9":{"name":"(anonymous_9)","decl":{"start":{"line":105,"column":33},"end":{"line":105,"column":34}},"loc":{"start":{"line":105,"column":40},"end":{"line":105,"column":70}}},"10":{"name":"(anonymous_10)","decl":{"start":{"line":119,"column":2},"end":{"line":119,"column":7}},"loc":{"start":{"line":121,"column":30},"end":{"line":141,"column":3}}},"11":{"name":"(anonymous_11)","decl":{"start":{"line":143,"column":2},"end":{"line":143,"column":7}},"loc":{"start":{"line":143,"column":33},"end":{"line":165,"column":3}}},"12":{"name":"(anonymous_12)","decl":{"start":{"line":167,"column":2},"end":{"line":167,"column":7}},"loc":{"start":{"line":168,"column":45},"end":{"line":200,"column":3}}},"13":{"name":"(anonymous_13)","decl":{"start":{"line":202,"column":2},"end":{"line":202,"column":7}},"loc":{"start":{"line":202,"column":27},"end":{"line":213,"column":3}}},"14":{"name":"(anonymous_14)","decl":{"start":{"line":215,"column":2},"end":{"line":215,"column":7}},"loc":{"start":{"line":215,"column":47},"end":{"line":228,"column":3}}},"15":{"name":"(anonymous_15)","decl":{"start":{"line":219,"column":16},"end":{"line":219,"column":17}},"loc":{"start":{"line":219,"column":23},"end":{"line":219,"column":51}}},"16":{"name":"(anonymous_16)","decl":{"start":{"line":220,"column":14},"end":{"line":220,"column":15}},"loc":{"start":{"line":220,"column":24},"end":{"line":220,"column":47}}},"17":{"name":"(anonymous_17)","decl":{"start":{"line":230,"column":2},"end":{"line":230,"column":7}},"loc":{"start":{"line":230,"column":30},"end":{"line":241,"column":3}}},"18":{"name":"(anonymous_18)","decl":{"start":{"line":243,"column":2},"end":{"line":243,"column":7}},"loc":{"start":{"line":244,"column":48},"end":{"line":251,"column":3}}},"19":{"name":"(anonymous_19)","decl":{"start":{"line":253,"column":2},"end":{"line":253,"column":7}},"loc":{"start":{"line":253,"column":34},"end":{"line":256,"column":3}}},"20":{"name":"(anonymous_20)","decl":{"start":{"line":258,"column":2},"end":{"line":258,"column":7}},"loc":{"start":{"line":260,"column":24},"end":{"line":267,"column":3}}},"21":{"name":"(anonymous_21)","decl":{"start":{"line":269,"column":2},"end":{"line":269,"column":7}},"loc":{"start":{"line":269,"column":55},"end":{"line":298,"column":3}}},"22":{"name":"(anonymous_22)","decl":{"start":{"line":300,"column":2},"end":{"line":300,"column":7}},"loc":{"start":{"line":300,"column":25},"end":{"line":311,"column":3}}},"23":{"name":"(anonymous_23)","decl":{"start":{"line":313,"column":2},"end":{"line":313,"column":7}},"loc":{"start":{"line":313,"column":16},"end":{"line":323,"column":3}}},"24":{"name":"(anonymous_24)","decl":{"start":{"line":325,"column":2},"end":{"line":325,"column":7}},"loc":{"start":{"line":327,"column":25},"end":{"line":347,"column":3}}},"25":{"name":"(anonymous_25)","decl":{"start":{"line":349,"column":2},"end":{"line":349,"column":7}},"loc":{"start":{"line":349,"column":28},"end":{"line":360,"column":3}}},"26":{"name":"(anonymous_26)","decl":{"start":{"line":362,"column":2},"end":{"line":362,"column":7}},"loc":{"start":{"line":363,"column":72},"end":{"line":393,"column":3}}},"27":{"name":"(anonymous_27)","decl":{"start":{"line":395,"column":2},"end":{"line":395,"column":7}},"loc":{"start":{"line":395,"column":23},"end":{"line":405,"column":3}}},"28":{"name":"(anonymous_28)","decl":{"start":{"line":407,"column":2},"end":{"line":407,"column":7}},"loc":{"start":{"line":407,"column":35},"end":{"line":418,"column":3}}},"29":{"name":"(anonymous_29)","decl":{"start":{"line":420,"column":2},"end":{"line":420,"column":7}},"loc":{"start":{"line":422,"column":18},"end":{"line":429,"column":3}}},"30":{"name":"(anonymous_30)","decl":{"start":{"line":431,"column":2},"end":{"line":431,"column":7}},"loc":{"start":{"line":433,"column":18},"end":{"line":440,"column":3}}},"31":{"name":"(anonymous_31)","decl":{"start":{"line":442,"column":2},"end":{"line":442,"column":7}},"loc":{"start":{"line":442,"column":43},"end":{"line":445,"column":3}}},"32":{"name":"(anonymous_32)","decl":{"start":{"line":447,"column":2},"end":{"line":447,"column":7}},"loc":{"start":{"line":448,"column":55},"end":{"line":455,"column":3}}},"33":{"name":"(anonymous_33)","decl":{"start":{"line":457,"column":2},"end":{"line":457,"column":7}},"loc":{"start":{"line":457,"column":43},"end":{"line":460,"column":3}}},"34":{"name":"(anonymous_34)","decl":{"start":{"line":462,"column":2},"end":{"line":462,"column":7}},"loc":{"start":{"line":464,"column":38},"end":{"line":471,"column":3}}},"35":{"name":"(anonymous_35)","decl":{"start":{"line":473,"column":2},"end":{"line":473,"column":7}},"loc":{"start":{"line":473,"column":45},"end":{"line":476,"column":3}}},"36":{"name":"(anonymous_36)","decl":{"start":{"line":478,"column":2},"end":{"line":478,"column":7}},"loc":{"start":{"line":478,"column":24},"end":{"line":481,"column":3}}},"37":{"name":"(anonymous_37)","decl":{"start":{"line":483,"column":2},"end":{"line":483,"column":7}},"loc":{"start":{"line":483,"column":14},"end":{"line":486,"column":3}}},"38":{"name":"(anonymous_38)","decl":{"start":{"line":488,"column":2},"end":{"line":488,"column":7}},"loc":{"start":{"line":488,"column":16},"end":{"line":491,"column":3}}},"39":{"name":"(anonymous_39)","decl":{"start":{"line":493,"column":2},"end":{"line":493,"column":7}},"loc":{"start":{"line":493,"column":24},"end":{"line":535,"column":3}}},"40":{"name":"(anonymous_40)","decl":{"start":{"line":537,"column":10},"end":{"line":537,"column":27}},"loc":{"start":{"line":537,"column":27},"end":{"line":541,"column":3}}}},"branchMap":{"0":{"loc":{"start":{"line":61,"column":8},"end":{"line":66,"column":9}},"type":"if","locations":[{"start":{"line":61,"column":8},"end":{"line":66,"column":9}},{"start":{},"end":{}}]},"1":{"loc":{"start":{"line":90,"column":18},"end":{"line":90,"column":48}},"type":"binary-expr","locations":[{"start":{"line":90,"column":18},"end":{"line":90,"column":40}},{"start":{"line":90,"column":44},"end":{"line":90,"column":48}}]},"2":{"loc":{"start":{"line":104,"column":6},"end":{"line":106,"column":7}},"type":"if","locations":[{"start":{"line":104,"column":6},"end":{"line":106,"column":7}},{"start":{},"end":{}}]},"3":{"loc":{"start":{"line":104,"column":10},"end":{"line":104,"column":50}},"type":"binary-expr","locations":[{"start":{"line":104,"column":10},"end":{"line":104,"column":23}},{"start":{"line":104,"column":27},"end":{"line":104,"column":50}}]},"4":{"loc":{"start":{"line":107,"column":6},"end":{"line":109,"column":7}},"type":"if","locations":[{"start":{"line":107,"column":6},"end":{"line":109,"column":7}},{"start":{},"end":{}}]},"5":{"loc":{"start":{"line":126,"column":6},"end":{"line":131,"column":7}},"type":"if","locations":[{"start":{"line":126,"column":6},"end":{"line":131,"column":7}},{"start":{},"end":{}}]},"6":{"loc":{"start":{"line":149,"column":8},"end":{"line":151,"column":9}},"type":"if","locations":[{"start":{"line":149,"column":8},"end":{"line":151,"column":9}},{"start":{},"end":{}}]},"7":{"loc":{"start":{"line":157,"column":22},"end":{"line":157,"column":55}},"type":"cond-expr","locations":[{"start":{"line":157,"column":50},"end":{"line":157,"column":51}},{"start":{"line":157,"column":54},"end":{"line":157,"column":55}}]},"8":{"loc":{"start":{"line":174,"column":8},"end":{"line":182,"column":9}},"type":"if","locations":[{"start":{"line":174,"column":8},"end":{"line":182,"column":9}},{"start":{},"end":{}}]},"9":{"loc":{"start":{"line":175,"column":10},"end":{"line":176,"column":51}},"type":"binary-expr","locations":[{"start":{"line":175,"column":10},"end":{"line":175,"column":57}},{"start":{"line":176,"column":10},"end":{"line":176,"column":51}}]},"10":{"loc":{"start":{"line":205,"column":20},"end":{"line":205,"column":47}},"type":"binary-expr","locations":[{"start":{"line":205,"column":20},"end":{"line":205,"column":39}},{"start":{"line":205,"column":43},"end":{"line":205,"column":47}}]},"11":{"loc":{"start":{"line":233,"column":22},"end":{"line":233,"column":52}},"type":"cond-expr","locations":[{"start":{"line":233,"column":47},"end":{"line":233,"column":48}},{"start":{"line":233,"column":51},"end":{"line":233,"column":52}}]},"12":{"loc":{"start":{"line":274,"column":8},"end":{"line":279,"column":9}},"type":"if","locations":[{"start":{"line":274,"column":8},"end":{"line":279,"column":9}},{"start":{},"end":{}}]},"13":{"loc":{"start":{"line":303,"column":18},"end":{"line":303,"column":43}},"type":"binary-expr","locations":[{"start":{"line":303,"column":18},"end":{"line":303,"column":35}},{"start":{"line":303,"column":39},"end":{"line":303,"column":43}}]},"14":{"loc":{"start":{"line":332,"column":6},"end":{"line":337,"column":7}},"type":"if","locations":[{"start":{"line":332,"column":6},"end":{"line":337,"column":7}},{"start":{},"end":{}}]},"15":{"loc":{"start":{"line":352,"column":22},"end":{"line":352,"column":50}},"type":"cond-expr","locations":[{"start":{"line":352,"column":45},"end":{"line":352,"column":46}},{"start":{"line":352,"column":49},"end":{"line":352,"column":50}}]},"16":{"loc":{"start":{"line":369,"column":8},"end":{"line":374,"column":9}},"type":"if","locations":[{"start":{"line":369,"column":8},"end":{"line":374,"column":9}},{"start":{},"end":{}}]},"17":{"loc":{"start":{"line":410,"column":22},"end":{"line":410,"column":57}},"type":"cond-expr","locations":[{"start":{"line":410,"column":52},"end":{"line":410,"column":53}},{"start":{"line":410,"column":56},"end":{"line":410,"column":57}}]},"18":{"loc":{"start":{"line":507,"column":28},"end":{"line":507,"column":49}},"type":"binary-expr","locations":[{"start":{"line":507,"column":28},"end":{"line":507,"column":44}},{"start":{"line":507,"column":48},"end":{"line":507,"column":49}}]},"19":{"loc":{"start":{"line":507,"column":54},"end":{"line":507,"column":82}},"type":"binary-expr","locations":[{"start":{"line":507,"column":54},"end":{"line":507,"column":77}},{"start":{"line":507,"column":81},"end":{"line":507,"column":82}}]},"20":{"loc":{"start":{"line":508,"column":27},"end":{"line":508,"column":46}},"type":"binary-expr","locations":[{"start":{"line":508,"column":27},"end":{"line":508,"column":41}},{"start":{"line":508,"column":45},"end":{"line":508,"column":46}}]},"21":{"loc":{"start":{"line":513,"column":28},"end":{"line":513,"column":51}},"type":"binary-expr","locations":[{"start":{"line":513,"column":28},"end":{"line":513,"column":46}},{"start":{"line":513,"column":50},"end":{"line":513,"column":51}}]},"22":{"loc":{"start":{"line":518,"column":28},"end":{"line":518,"column":49}},"type":"binary-expr","locations":[{"start":{"line":518,"column":28},"end":{"line":518,"column":44}},{"start":{"line":518,"column":48},"end":{"line":518,"column":49}}]},"23":{"loc":{"start":{"line":518,"column":54},"end":{"line":518,"column":82}},"type":"binary-expr","locations":[{"start":{"line":518,"column":54},"end":{"line":518,"column":77}},{"start":{"line":518,"column":81},"end":{"line":518,"column":82}}]},"24":{"loc":{"start":{"line":523,"column":28},"end":{"line":523,"column":50}},"type":"binary-expr","locations":[{"start":{"line":523,"column":28},"end":{"line":523,"column":45}},{"start":{"line":523,"column":49},"end":{"line":523,"column":50}}]},"25":{"loc":{"start":{"line":523,"column":55},"end":{"line":523,"column":84}},"type":"binary-expr","locations":[{"start":{"line":523,"column":55},"end":{"line":523,"column":79}},{"start":{"line":523,"column":83},"end":{"line":523,"column":84}}]},"26":{"loc":{"start":{"line":538,"column":4},"end":{"line":540,"column":5}},"type":"if","locations":[{"start":{"line":538,"column":4},"end":{"line":540,"column":5}},{"start":{},"end":{}}]}},"s":{"0":1,"1":1,"2":29,"3":29,"4":29,"5":29,"6":29,"7":29,"8":29,"9":29,"10":3,"11":1,"12":30,"13":30,"14":30,"15":30,"16":30,"17":30,"18":21,"19":21,"20":21,"21":12,"22":1,"23":20,"24":20,"25":20,"26":20,"27":20,"28":0,"29":3,"30":3,"31":3,"32":3,"33":0,"34":2,"35":2,"36":2,"37":2,"38":0,"39":0,"40":2,"41":1,"42":2,"43":0,"44":1,"45":1,"46":1,"47":1,"48":0,"49":1,"50":1,"51":1,"52":0,"53":2,"54":2,"55":2,"56":2,"57":6,"58":6,"59":2,"60":6,"61":2,"62":2,"63":0,"64":15,"65":15,"66":15,"67":14,"68":1,"69":14,"70":14,"71":14,"72":14,"73":14,"74":0,"75":1,"76":1,"77":1,"78":1,"79":0,"80":2,"81":2,"82":2,"83":3,"84":2,"85":2,"86":0,"87":1,"88":1,"89":1,"90":1,"91":0,"92":0,"93":0,"94":0,"95":0,"96":0,"97":0,"98":8,"99":8,"100":8,"101":2,"102":1,"103":7,"104":7,"105":7,"106":7,"107":0,"108":0,"109":0,"110":0,"111":0,"112":0,"113":1,"114":1,"115":1,"116":0,"117":1,"118":1,"119":1,"120":1,"121":0,"122":1,"123":1,"124":1,"125":0,"126":1,"127":1,"128":1,"129":1,"130":0,"131":7,"132":7,"133":7,"134":2,"135":1,"136":6,"137":6,"138":6,"139":6,"140":6,"141":0,"142":1,"143":1,"144":1,"145":0,"146":1,"147":1,"148":1,"149":1,"150":0,"151":0,"152":0,"153":0,"154":0,"155":0,"156":0,"157":0,"158":0,"159":0,"160":0,"161":0,"162":0,"163":0,"164":0,"165":0,"166":0,"167":0,"168":3,"169":3,"170":2,"171":2,"172":3,"173":1,"174":3,"175":1,"176":3,"177":1,"178":3,"179":68,"180":0,"181":1},"f":{"0":29,"1":29,"2":3,"3":1,"4":0,"5":30,"6":21,"7":3,"8":2,"9":0,"10":1,"11":2,"12":15,"13":1,"14":2,"15":3,"16":2,"17":1,"18":0,"19":0,"20":0,"21":8,"22":0,"23":1,"24":1,"25":1,"26":7,"27":1,"28":1,"29":0,"30":0,"31":0,"32":0,"33":0,"34":0,"35":0,"36":0,"37":0,"38":0,"39":3,"40":68},"b":{"0":[1,11],"1":[3,2],"2":[0,2],"3":[2,0],"4":[1,1],"5":[0,1],"6":[6,0],"7":[2,0],"8":[1,13],"9":[14,14],"10":[1,0],"11":[1,0],"12":[1,1],"13":[0,0],"14":[0,1],"15":[1,0],"16":[1,1],"17":[1,0],"18":[2,0],"19":[2,2],"20":[2,0],"21":[1,0],"22":[1,0],"23":[1,1],"24":[1,0],"25":[1,1],"26":[0,68]}}
}
