TN:
SF:src/extension.ts
FN:21,activate
FN:58,(anonymous_1)
FN:67,(anonymous_2)
FN:80,(anonymous_3)
FN:101,(anonymous_4)
FN:120,deactivate
FN:142,getConfigManager
FN:146,getStorageManager
FNF:8
FNH:0
FNDA:0,activate
FNDA:0,(anonymous_1)
FNDA:0,(anonymous_2)
FNDA:0,(anonymous_3)
FNDA:0,(anonymous_4)
FNDA:0,deactivate
FNDA:0,getConfigManager
FNDA:0,getStorageManager
DA:9,0
DA:10,0
DA:11,0
DA:14,0
DA:15,0
DA:21,0
DA:22,0
DA:24,0
DA:26,0
DA:27,0
DA:30,0
DA:31,0
DA:32,0
DA:35,0
DA:39,0
DA:40,0
DA:43,0
DA:44,0
DA:47,0
DA:48,0
DA:49,0
DA:52,0
DA:56,0
DA:59,0
DA:62,0
DA:65,0
DA:68,0
DA:69,0
DA:70,0
DA:71,0
DA:72,0
DA:75,0
DA:78,0
DA:81,0
DA:87,0
DA:88,0
DA:89,0
DA:90,0
DA:92,0
DA:97,0
DA:100,0
DA:101,0
DA:102,0
DA:103,0
DA:105,0
DA:108,0
DA:109,0
DA:111,0
DA:112,0
DA:120,0
DA:121,0
DA:123,0
DA:125,0
DA:126,0
DA:127,0
DA:130,0
DA:131,0
DA:132,0
DA:135,0
DA:137,0
DA:142,0
DA:143,0
DA:146,0
DA:147,0
DA:151,0
LF:65
LH:0
BRDA:31,0,0,0
BRDA:31,0,1,0
BRDA:48,1,0,0
BRDA:48,1,1,0
BRDA:87,2,0,0
BRDA:87,2,1,0
BRDA:100,3,0,0
BRDA:100,3,1,0
BRDA:125,4,0,0
BRDA:125,4,1,0
BRDA:130,5,0,0
BRDA:130,5,1,0
BRF:12
BRH:0
end_of_record
TN:
SF:src/config/ConfigManager.ts
FN:22,(anonymous_0)
FN:27,(anonymous_1)
FN:40,(anonymous_2)
FN:55,(anonymous_3)
FN:69,(anonymous_4)
FN:84,(anonymous_5)
FN:98,(anonymous_6)
FN:114,(anonymous_7)
FN:131,(anonymous_8)
FN:147,(anonymous_9)
FN:154,(anonymous_10)
FN:198,(anonymous_11)
FN:239,(anonymous_12)
FN:278,(anonymous_13)
FN:288,(anonymous_14)
FN:292,(anonymous_15)
FN:304,(anonymous_16)
FN:315,(anonymous_17)
FN:326,(anonymous_18)
FNF:19
FNH:18
FNDA:45,(anonymous_0)
FNDA:0,(anonymous_1)
FNDA:7,(anonymous_2)
FNDA:2,(anonymous_3)
FNDA:2,(anonymous_4)
FNDA:2,(anonymous_5)
FNDA:3,(anonymous_6)
FNDA:3,(anonymous_7)
FNDA:1,(anonymous_8)
FNDA:3,(anonymous_9)
FNDA:8,(anonymous_10)
FNDA:45,(anonymous_11)
FNDA:17,(anonymous_12)
FNDA:2,(anonymous_13)
FNDA:2,(anonymous_14)
FNDA:1,(anonymous_15)
FNDA:1,(anonymous_16)
FNDA:2,(anonymous_17)
FNDA:20,(anonymous_18)
DA:11,1
DA:14,1
DA:16,1
DA:17,46
DA:18,46
DA:19,46
DA:20,46
DA:23,45
DA:24,45
DA:27,45
DA:28,0
DA:29,0
DA:33,45
DA:34,45
DA:41,7
DA:42,6
DA:43,6
DA:44,6
DA:45,5
DA:47,1
DA:48,1
DA:56,2
DA:57,2
DA:58,2
DA:59,2
DA:60,1
DA:62,1
DA:70,2
DA:71,2
DA:72,2
DA:73,2
DA:74,2
DA:76,0
DA:77,0
DA:85,2
DA:86,2
DA:87,2
DA:88,2
DA:89,1
DA:91,1
DA:99,3
DA:100,3
DA:101,0
DA:103,3
DA:104,3
DA:105,1
DA:107,2
DA:115,3
DA:116,3
DA:117,0
DA:119,3
DA:120,3
DA:121,2
DA:123,1
DA:124,1
DA:132,1
DA:133,1
DA:134,0
DA:136,1
DA:137,1
DA:138,1
DA:140,0
DA:148,3
DA:155,8
DA:156,8
DA:159,7
DA:160,6
DA:161,6
DA:165,1
DA:166,0
DA:167,0
DA:171,1
DA:172,0
DA:173,0
DA:177,1
DA:178,0
DA:179,0
DA:183,1
DA:184,0
DA:185,0
DA:188,1
DA:190,1
DA:191,1
DA:199,45
DA:200,45
DA:203,45
DA:225,45
DA:226,810
DA:227,810
DA:228,18
DA:232,0
DA:240,17
DA:242,17
DA:279,2
DA:289,2
DA:291,2
DA:293,1
DA:294,1
DA:295,1
DA:305,1
DA:306,1
DA:307,1
DA:309,1
DA:316,2
DA:317,2
DA:318,0
DA:319,0
DA:321,0
DA:327,20
DA:328,1
LF:110
LH:90
BRDA:28,0,0,0
BRDA:28,0,1,0
BRDA:45,1,0,4
BRDA:45,1,1,1
BRDA:74,2,0,1
BRDA:74,2,1,1
BRDA:100,3,0,0
BRDA:100,3,1,3
BRDA:116,4,0,0
BRDA:116,4,1,3
BRDA:133,5,0,0
BRDA:133,5,1,1
BRDA:148,6,0,3
BRDA:148,6,1,1
BRDA:159,7,0,6
BRDA:159,7,1,1
BRDA:159,8,0,7
BRDA:159,8,1,2
BRDA:165,9,0,0
BRDA:165,9,1,1
BRDA:165,10,0,1
BRDA:165,10,1,1
BRDA:171,11,0,0
BRDA:171,11,1,1
BRDA:171,12,0,1
BRDA:171,12,1,1
BRDA:177,13,0,0
BRDA:177,13,1,1
BRDA:177,14,0,1
BRDA:177,14,1,1
BRDA:183,15,0,0
BRDA:183,15,1,1
BRDA:183,16,0,1
BRDA:183,16,1,1
BRDA:227,17,0,18
BRDA:227,17,1,792
BRDA:244,18,0,17
BRDA:244,18,1,1
BRDA:245,19,0,16
BRDA:245,19,1,1
BRDA:246,20,0,16
BRDA:246,20,1,1
BRDA:249,21,0,16
BRDA:249,21,1,1
BRDA:250,22,0,16
BRDA:250,22,1,1
BRDA:251,23,0,16
BRDA:251,23,1,1
BRDA:252,24,0,16
BRDA:252,24,1,1
BRDA:253,25,0,16
BRDA:253,25,1,1
BRDA:256,26,0,16
BRDA:256,26,1,1
BRDA:257,27,0,16
BRDA:257,27,1,1
BRDA:258,28,0,16
BRDA:258,28,1,1
BRDA:259,29,0,16
BRDA:259,29,1,1
BRDA:262,30,0,16
BRDA:262,30,1,1
BRDA:263,31,0,16
BRDA:263,31,1,1
BRDA:264,32,0,16
BRDA:264,32,1,1
BRDA:267,33,0,16
BRDA:267,33,1,1
BRDA:268,34,0,16
BRDA:268,34,1,1
BRDA:269,35,0,16
BRDA:269,35,1,1
BRDA:294,36,0,1
BRDA:294,36,1,0
BRDA:305,37,0,1
BRDA:305,37,1,0
BRDA:327,38,0,1
BRDA:327,38,1,19
BRF:78
BRH:67
end_of_record
TN:
SF:src/storage/StorageManager.ts
FN:24,(anonymous_0)
FN:28,(anonymous_1)
FN:33,(anonymous_2)
FN:37,(anonymous_3)
FN:41,(anonymous_4)
FN:45,(anonymous_5)
FN:54,(anonymous_6)
FN:87,(anonymous_7)
FN:100,(anonymous_8)
FN:105,(anonymous_9)
FN:119,(anonymous_10)
FN:143,(anonymous_11)
FN:167,(anonymous_12)
FN:202,(anonymous_13)
FN:215,(anonymous_14)
FN:219,(anonymous_15)
FN:220,(anonymous_16)
FN:230,(anonymous_17)
FN:243,(anonymous_18)
FN:253,(anonymous_19)
FN:258,(anonymous_20)
FN:269,(anonymous_21)
FN:300,(anonymous_22)
FN:313,(anonymous_23)
FN:325,(anonymous_24)
FN:349,(anonymous_25)
FN:362,(anonymous_26)
FN:395,(anonymous_27)
FN:407,(anonymous_28)
FN:420,(anonymous_29)
FN:431,(anonymous_30)
FN:442,(anonymous_31)
FN:447,(anonymous_32)
FN:457,(anonymous_33)
FN:462,(anonymous_34)
FN:473,(anonymous_35)
FN:478,(anonymous_36)
FN:483,(anonymous_37)
FN:488,(anonymous_38)
FN:493,(anonymous_39)
FN:537,(anonymous_40)
FNF:41
FNH:25
FNDA:29,(anonymous_0)
FNDA:29,(anonymous_1)
FNDA:3,(anonymous_2)
FNDA:1,(anonymous_3)
FNDA:0,(anonymous_4)
FNDA:30,(anonymous_5)
FNDA:21,(anonymous_6)
FNDA:3,(anonymous_7)
FNDA:2,(anonymous_8)
FNDA:0,(anonymous_9)
FNDA:1,(anonymous_10)
FNDA:2,(anonymous_11)
FNDA:15,(anonymous_12)
FNDA:1,(anonymous_13)
FNDA:2,(anonymous_14)
FNDA:3,(anonymous_15)
FNDA:2,(anonymous_16)
FNDA:1,(anonymous_17)
FNDA:0,(anonymous_18)
FNDA:0,(anonymous_19)
FNDA:0,(anonymous_20)
FNDA:8,(anonymous_21)
FNDA:0,(anonymous_22)
FNDA:1,(anonymous_23)
FNDA:1,(anonymous_24)
FNDA:1,(anonymous_25)
FNDA:7,(anonymous_26)
FNDA:1,(anonymous_27)
FNDA:1,(anonymous_28)
FNDA:0,(anonymous_29)
FNDA:0,(anonymous_30)
FNDA:0,(anonymous_31)
FNDA:0,(anonymous_32)
FNDA:0,(anonymous_33)
FNDA:0,(anonymous_34)
FNDA:0,(anonymous_35)
FNDA:0,(anonymous_36)
FNDA:0,(anonymous_37)
FNDA:0,(anonymous_38)
FNDA:3,(anonymous_39)
FNDA:68,(anonymous_40)
DA:1,1
DA:14,1
DA:16,1
DA:18,29
DA:19,29
DA:20,29
DA:21,29
DA:22,29
DA:25,29
DA:29,29
DA:30,29
DA:34,3
DA:38,1
DA:46,30
DA:47,30
DA:48,30
DA:49,30
DA:50,30
DA:51,30
DA:57,21
DA:58,21
DA:60,21
DA:61,12
DA:62,1
DA:69,20
DA:70,20
DA:71,20
DA:77,20
DA:78,20
DA:80,0
DA:88,3
DA:89,3
DA:90,3
DA:91,3
DA:93,0
DA:101,2
DA:102,2
DA:103,2
DA:104,2
DA:105,0
DA:107,2
DA:108,1
DA:110,2
DA:112,0
DA:123,1
DA:124,1
DA:125,1
DA:126,1
DA:127,0
DA:132,1
DA:133,1
DA:134,1
DA:136,0
DA:144,2
DA:145,2
DA:147,2
DA:148,2
DA:149,6
DA:150,6
DA:153,2
DA:154,6
DA:157,2
DA:158,2
DA:160,0
DA:170,15
DA:171,15
DA:173,15
DA:174,14
DA:178,1
DA:185,14
DA:186,14
DA:187,14
DA:192,14
DA:193,14
DA:195,0
DA:203,1
DA:204,1
DA:205,1
DA:206,1
DA:208,0
DA:216,2
DA:217,2
DA:218,2
DA:219,3
DA:220,2
DA:221,2
DA:223,0
DA:231,1
DA:232,1
DA:233,1
DA:234,1
DA:236,0
DA:246,0
DA:247,0
DA:254,0
DA:255,0
DA:262,0
DA:263,0
DA:270,8
DA:271,8
DA:273,8
DA:274,2
DA:275,1
DA:282,7
DA:283,7
DA:290,7
DA:291,7
DA:293,0
DA:301,0
DA:302,0
DA:303,0
DA:304,0
DA:306,0
DA:314,1
DA:315,1
DA:316,1
DA:318,0
DA:329,1
DA:330,1
DA:331,1
DA:332,1
DA:333,0
DA:338,1
DA:339,1
DA:340,1
DA:342,0
DA:350,1
DA:351,1
DA:352,1
DA:353,1
DA:355,0
DA:365,7
DA:366,7
DA:368,7
DA:369,2
DA:370,1
DA:377,6
DA:378,6
DA:379,6
DA:385,6
DA:386,6
DA:388,0
DA:396,1
DA:397,1
DA:398,1
DA:400,0
DA:408,1
DA:409,1
DA:410,1
DA:411,1
DA:413,0
DA:424,0
DA:425,0
DA:435,0
DA:436,0
DA:443,0
DA:444,0
DA:450,0
DA:451,0
DA:458,0
DA:459,0
DA:466,0
DA:467,0
DA:474,0
DA:475,0
DA:479,0
DA:484,0
DA:489,0
DA:503,3
DA:506,3
DA:507,2
DA:508,2
DA:512,3
DA:513,1
DA:517,3
DA:518,1
DA:522,3
DA:523,1
DA:526,3
DA:538,68
DA:539,0
LF:181
LH:133
BRDA:61,0,0,1
BRDA:61,0,1,11
BRDA:90,1,0,3
BRDA:90,1,1,2
BRDA:104,2,0,0
BRDA:104,2,1,2
BRDA:104,3,0,2
BRDA:104,3,1,0
BRDA:107,4,0,1
BRDA:107,4,1,1
BRDA:126,5,0,0
BRDA:126,5,1,1
BRDA:149,6,0,6
BRDA:149,6,1,0
BRDA:157,7,0,2
BRDA:157,7,1,0
BRDA:174,8,0,1
BRDA:174,8,1,13
BRDA:175,9,0,14
BRDA:175,9,1,14
BRDA:205,10,0,1
BRDA:205,10,1,0
BRDA:233,11,0,1
BRDA:233,11,1,0
BRDA:274,12,0,1
BRDA:274,12,1,1
BRDA:303,13,0,0
BRDA:303,13,1,0
BRDA:332,14,0,0
BRDA:332,14,1,1
BRDA:352,15,0,1
BRDA:352,15,1,0
BRDA:369,16,0,1
BRDA:369,16,1,1
BRDA:410,17,0,1
BRDA:410,17,1,0
BRDA:507,18,0,2
BRDA:507,18,1,0
BRDA:507,19,0,2
BRDA:507,19,1,2
BRDA:508,20,0,2
BRDA:508,20,1,0
BRDA:513,21,0,1
BRDA:513,21,1,0
BRDA:518,22,0,1
BRDA:518,22,1,0
BRDA:518,23,0,1
BRDA:518,23,1,1
BRDA:523,24,0,1
BRDA:523,24,1,0
BRDA:523,25,0,1
BRDA:523,25,1,1
BRDA:538,26,0,0
BRDA:538,26,1,68
BRF:54
BRH:36
end_of_record
